TN:
SF:/Users/lyndsey/Desktop/JavaScript_401/lab_class02/code-review/lib/validator.js
FN:5,(anonymous_0)
FN:9,(anonymous_1)
FN:11,(anonymous_2)
FN:16,(anonymous_3)
FNF:4
FNH:3
FNDA:4,(anonymous_0)
FNDA:0,(anonymous_1)
FNDA:1,(anonymous_2)
FNDA:3,(anonymous_3)
DA:3,1
DA:5,1
DA:6,4
DA:9,1
DA:11,1
DA:16,1
DA:17,3
DA:18,0
DA:22,3
DA:23,3
DA:26,1
LF:11
LH:10
BRDA:17,0,0,0
BRDA:17,0,1,3
BRF:2
BRH:1
end_of_record
TN:
SF:/Users/lyndsey/Desktop/JavaScript_401/lab_class02/lab/starter-code/classes/vehicle-constructor.js
FN:3,(anonymous_0)
FN:8,(anonymous_1)
FN:12,(anonymous_2)
FN:17,(anonymous_3)
FN:23,(anonymous_4)
FN:29,(anonymous_5)
FNF:6
FNH:6
FNDA:4,(anonymous_0)
FNDA:2,(anonymous_1)
FNDA:2,(anonymous_2)
FNDA:1,(anonymous_3)
FNDA:1,(anonymous_4)
FNDA:1,(anonymous_5)
DA:3,1
DA:4,4
DA:5,4
DA:8,1
DA:9,2
DA:12,1
DA:13,2
DA:17,1
DA:18,1
DA:21,1
DA:23,1
DA:24,1
DA:27,1
DA:29,1
DA:30,1
DA:33,1
LF:16
LH:16
BRF:0
BRH:0
end_of_record
TN:
SF:/Users/lyndsey/Desktop/JavaScript_401/lab_class02/lab/starter-code/list/lib/list.js
FN:4,(anonymous_0)
FN:9,(anonymous_1)
FN:10,(anonymous_2)
FN:24,(anonymous_3)
FN:31,(anonymous_4)
FN:39,(anonymous_5)
FN:47,(anonymous_6)
FN:53,(anonymous_7)
FN:61,(anonymous_8)
FN:70,(anonymous_9)
FN:87,(anonymous_10)
FNF:11
FNH:11
FNDA:20,(anonymous_0)
FNDA:4,(anonymous_1)
FNDA:12,(anonymous_2)
FNDA:45,(anonymous_3)
FNDA:3,(anonymous_4)
FNDA:2,(anonymous_5)
FNDA:2,(anonymous_6)
FNDA:2,(anonymous_7)
FNDA:2,(anonymous_8)
FNDA:2,(anonymous_9)
FNDA:2,(anonymous_10)
DA:5,20
DA:6,20
DA:10,4
DA:11,12
DA:12,12
DA:15,4
DA:16,4
DA:25,45
DA:26,44
DA:28,45
DA:32,3
DA:33,2
DA:34,2
DA:35,2
DA:36,2
DA:40,2
DA:41,2
DA:42,2
DA:43,2
DA:44,2
DA:48,2
DA:49,2
DA:50,2
DA:54,2
DA:55,1
DA:56,3
DA:62,2
DA:63,1
DA:64,1
DA:65,3
DA:67,1
DA:71,2
DA:72,1
DA:73,1
DA:74,3
DA:75,1
DA:78,1
DA:88,2
DA:89,1
DA:90,3
DA:92,1
DA:97,1
LF:42
LH:42
BRDA:25,0,0,44
BRDA:25,0,1,1
BRDA:32,1,0,1
BRDA:32,1,1,2
BRDA:40,2,0,0
BRDA:40,2,1,2
BRDA:54,3,0,1
BRDA:54,3,1,1
BRDA:62,4,0,1
BRDA:62,4,1,1
BRDA:71,5,0,1
BRDA:71,5,1,1
BRDA:74,6,0,1
BRDA:74,6,1,2
BRDA:88,7,0,1
BRDA:88,7,1,1
BRF:16
BRH:15
end_of_record
